01-Apr-2022 20:55:45.029 警告 [main] org.apache.catalina.core.StandardContext.setPath A context path must either be an empty string or start with a '/' and do not end with a '/'. The path [/] does not meet these criteria and has been changed to []
01-Apr-2022 20:55:45.051 警告 [main] org.apache.tomcat.util.digester.SetPropertiesRule.begin [SetPropertiesRule]{Server/Service/Engine/Host/Context} Setting property 'debug' to '0' did not find a matching property.
01-Apr-2022 20:55:45.062 資訊 [main] org.apache.catalina.startup.VersionLoggerListener.log Server version name:   Apache Tomcat/8.5.76
01-Apr-2022 20:55:45.063 資訊 [main] org.apache.catalina.startup.VersionLoggerListener.log Server built:          Feb 23 2022 17:59:11 UTC
01-Apr-2022 20:55:45.063 資訊 [main] org.apache.catalina.startup.VersionLoggerListener.log Server version number: 8.5.76.0
01-Apr-2022 20:55:45.063 資訊 [main] org.apache.catalina.startup.VersionLoggerListener.log OS Name:               Windows 10
01-Apr-2022 20:55:45.063 資訊 [main] org.apache.catalina.startup.VersionLoggerListener.log OS Version:            10.0
01-Apr-2022 20:55:45.063 資訊 [main] org.apache.catalina.startup.VersionLoggerListener.log Architecture:          amd64
01-Apr-2022 20:55:45.063 資訊 [main] org.apache.catalina.startup.VersionLoggerListener.log Java Home:             C:\Program Files\Java\jre1.8.0_311
01-Apr-2022 20:55:45.063 資訊 [main] org.apache.catalina.startup.VersionLoggerListener.log JVM Version:           1.8.0_311-b11
01-Apr-2022 20:55:45.063 資訊 [main] org.apache.catalina.startup.VersionLoggerListener.log JVM Vendor:            Oracle Corporation
01-Apr-2022 20:55:45.063 資訊 [main] org.apache.catalina.startup.VersionLoggerListener.log CATALINA_BASE:         C:\Program Files\Apache Software Foundation\Tomcat 8.5
01-Apr-2022 20:55:45.063 資訊 [main] org.apache.catalina.startup.VersionLoggerListener.log CATALINA_HOME:         C:\Program Files\Apache Software Foundation\Tomcat 8.5
01-Apr-2022 20:55:45.064 資訊 [main] org.apache.catalina.startup.VersionLoggerListener.log Command line argument: -Dcatalina.home=C:\Program Files\Apache Software Foundation\Tomcat 8.5
01-Apr-2022 20:55:45.064 資訊 [main] org.apache.catalina.startup.VersionLoggerListener.log Command line argument: -Dcatalina.base=C:\Program Files\Apache Software Foundation\Tomcat 8.5
01-Apr-2022 20:55:45.064 資訊 [main] org.apache.catalina.startup.VersionLoggerListener.log Command line argument: -Djava.io.tmpdir=C:\Program Files\Apache Software Foundation\Tomcat 8.5\temp
01-Apr-2022 20:55:45.064 資訊 [main] org.apache.catalina.startup.VersionLoggerListener.log Command line argument: -Djava.util.logging.manager=org.apache.juli.ClassLoaderLogManager
01-Apr-2022 20:55:45.064 資訊 [main] org.apache.catalina.startup.VersionLoggerListener.log Command line argument: -Djava.util.logging.config.file=C:\Program Files\Apache Software Foundation\Tomcat 8.5\conf\logging.properties
01-Apr-2022 20:55:45.064 資訊 [main] org.apache.catalina.startup.VersionLoggerListener.log Command line argument: exit
01-Apr-2022 20:55:45.065 資訊 [main] org.apache.catalina.startup.VersionLoggerListener.log Command line argument: abort
01-Apr-2022 20:55:45.065 資訊 [main] org.apache.catalina.startup.VersionLoggerListener.log Command line argument: -Xms128m
01-Apr-2022 20:55:45.065 資訊 [main] org.apache.catalina.startup.VersionLoggerListener.log Command line argument: -Xmx256m
01-Apr-2022 20:55:45.065 資訊 [main] org.apache.catalina.core.AprLifecycleListener.lifecycleEvent The Apache Tomcat Native library which allows using OpenSSL was not found on the java.library.path: [C:\Program Files\Apache Software Foundation\Tomcat 8.5\bin;C:\Windows\Sun\Java\bin;C:\Windows\system32;C:\Windows;C:\Program Files\Java\jre1.8.0_311\bin;C:\Program Files (x86)\VMware\VMware Player\bin\;C:\Program Files\ibm\gsk8\lib64;C:\Program Files\ibm\gsk8\bin;C:\Program Files\Java\jdk-14\bin;C:\Program Files\Java\jdk-11.0.13\bin;C:\Program Files\Common Files\Oracle\Java\javapath;C:\Program Files\Java\jdk1.8.0_311\bin;C:\Program Files (x86)\Common Files\Oracle\Java\javapath;C:\Windows\system32;C:\Windows;C:\Windows\System32\Wbem;C:\Windows\System32\WindowsPowerShell\v1.0\;C:\Windows\System32\OpenSSH\;C:\Program Files (x86)\Microsoft SQL Server\110\Tools\Binn\;C:\Program Files\Microsoft SQL Server\110\Tools\Binn\;C:\Program Files\Microsoft SQL Server\110\DTS\Binn\;C:\Program Files (x86)\Microsoft SQL Server\150\DTS\Binn\;C:\Program Files\Azure Data Studio\bin;C:\Program Files\Microsoft VS Code\bin;C:\Program Files\nodejs\;C:\Program Files\Git\cmd;C:\Program Files\TortoiseGit\bin;C:\Users\LAN\AppData\Local\Programs\Python\Python310;C:\Users\LAN\AppData\Local\Programs\Python\Python310\Scripts;C:\Program Files (x86)\Microsoft SQL Server\100\Tools\Binn\;C:\Program Files (x86)\Microsoft SQL Server\100\DTS\Binn\;C:\Windows\ServiceProfiles\LocalService\AppData\Local\Microsoft\WindowsApps;.]
01-Apr-2022 20:55:45.674 資訊 [main] org.apache.coyote.AbstractProtocol.init Initializing ProtocolHandler ["http-nio-8080"]
01-Apr-2022 20:55:45.713 資訊 [main] org.apache.coyote.AbstractProtocol.init Initializing ProtocolHandler ["http-nio-127.0.0.1-81"]
01-Apr-2022 20:55:45.713 資訊 [main] org.apache.catalina.startup.Catalina.load Initialization processed in 1215 ms
01-Apr-2022 20:55:45.812 資訊 [main] org.apache.catalina.core.StandardService.startInternal Starting service [Catalina]
01-Apr-2022 20:55:45.812 資訊 [main] org.apache.catalina.core.StandardEngine.startInternal Starting Servlet engine: [Apache Tomcat/8.5.76]
01-Apr-2022 20:55:45.823 資訊 [localhost-startStop-1] org.apache.catalina.startup.HostConfig.deployDirectory Deploying web application directory [C:\Program Files\Apache Software Foundation\Tomcat 8.5\webapps\docs]
01-Apr-2022 20:55:46.138 資訊 [localhost-startStop-1] org.apache.catalina.startup.HostConfig.deployDirectory Deployment of web application directory [C:\Program Files\Apache Software Foundation\Tomcat 8.5\webapps\docs] has finished in [314] ms
01-Apr-2022 20:55:46.138 資訊 [localhost-startStop-1] org.apache.catalina.startup.HostConfig.deployDirectory Deploying web application directory [C:\Program Files\Apache Software Foundation\Tomcat 8.5\webapps\manager]
01-Apr-2022 20:55:46.187 資訊 [localhost-startStop-1] org.apache.catalina.startup.HostConfig.deployDirectory Deployment of web application directory [C:\Program Files\Apache Software Foundation\Tomcat 8.5\webapps\manager] has finished in [49] ms
01-Apr-2022 20:55:46.187 資訊 [localhost-startStop-1] org.apache.catalina.startup.HostConfig.deployDirectory Deploying web application directory [C:\Program Files\Apache Software Foundation\Tomcat 8.5\webapps\ROOT]
01-Apr-2022 20:55:46.214 資訊 [localhost-startStop-1] org.apache.catalina.startup.HostConfig.deployDirectory Deployment of web application directory [C:\Program Files\Apache Software Foundation\Tomcat 8.5\webapps\ROOT] has finished in [26] ms
01-Apr-2022 20:55:46.216 資訊 [main] org.apache.coyote.AbstractProtocol.start Starting ProtocolHandler ["http-nio-8080"]
01-Apr-2022 20:55:46.237 資訊 [main] org.apache.catalina.core.StandardService.startInternal Starting service [Portal]
01-Apr-2022 20:55:46.237 資訊 [main] org.apache.catalina.core.StandardEngine.startInternal Starting Servlet engine: [Apache Tomcat/8.5.76]
01-Apr-2022 20:55:57.580 資訊 [portal-startStop-1] org.apache.jasper.servlet.TldScanner.scanJars At least one JAR was scanned for TLDs yet contained no TLDs. Enable debug logging for this logger for a complete list of JARs that were scanned but no TLDs were found in them. Skipping unneeded JARs during scanning can improve startup time and JSP compilation time.
01-Apr-2022 20:55:57.609 資訊 [portal-startStop-1] org.apache.catalina.startup.HostConfig.deployDirectory Deploying web application directory [D:\CY_JSP\Portal\Base64]
01-Apr-2022 20:55:57.637 資訊 [portal-startStop-1] org.apache.catalina.startup.HostConfig.deployDirectory Deployment of web application directory [D:\CY_JSP\Portal\Base64] has finished in [28] ms
01-Apr-2022 20:55:57.637 資訊 [portal-startStop-1] org.apache.catalina.startup.HostConfig.deployDirectory Deploying web application directory [D:\CY_JSP\Portal\install]
01-Apr-2022 20:55:57.684 資訊 [portal-startStop-1] org.apache.catalina.startup.HostConfig.deployDirectory Deployment of web application directory [D:\CY_JSP\Portal\install] has finished in [46] ms
01-Apr-2022 20:55:57.684 資訊 [portal-startStop-1] org.apache.catalina.startup.HostConfig.deployDirectory Deploying web application directory [D:\CY_JSP\Portal\web]
01-Apr-2022 20:56:02.102 資訊 [portal-startStop-1] org.apache.jasper.servlet.TldScanner.scanJars At least one JAR was scanned for TLDs yet contained no TLDs. Enable debug logging for this logger for a complete list of JARs that were scanned but no TLDs were found in them. Skipping unneeded JARs during scanning can improve startup time and JSP compilation time.
01-Apr-2022 20:56:02.108 資訊 [portal-startStop-1] org.apache.catalina.startup.HostConfig.deployDirectory Deployment of web application directory [D:\CY_JSP\Portal\web] has finished in [4,424] ms
01-Apr-2022 20:56:02.110 資訊 [main] org.apache.coyote.AbstractProtocol.start Starting ProtocolHandler ["http-nio-127.0.0.1-81"]
01-Apr-2022 20:56:02.112 資訊 [main] org.apache.catalina.startup.Catalina.start Server startup in 16398 ms
01-Apr-2022 20:59:03.564 資訊 [Thread-4] org.apache.coyote.AbstractProtocol.pause Pausing ProtocolHandler ["http-nio-8080"]
01-Apr-2022 20:59:03.646 資訊 [Thread-4] org.apache.catalina.core.StandardService.stopInternal Stopping service [Catalina]
01-Apr-2022 20:59:03.663 資訊 [Thread-4] org.apache.coyote.AbstractProtocol.stop Stopping ProtocolHandler ["http-nio-8080"]
01-Apr-2022 20:59:03.671 資訊 [Thread-4] org.apache.coyote.AbstractProtocol.pause Pausing ProtocolHandler ["http-nio-127.0.0.1-81"]
01-Apr-2022 20:59:03.672 資訊 [Thread-4] org.apache.catalina.core.StandardService.stopInternal Stopping service [Portal]
01-Apr-2022 20:59:03.692 資訊 [Thread-4] org.apache.coyote.AbstractProtocol.stop Stopping ProtocolHandler ["http-nio-127.0.0.1-81"]
01-Apr-2022 20:59:03.704 資訊 [Thread-4] org.apache.coyote.AbstractProtocol.destroy Destroying ProtocolHandler ["http-nio-8080"]
01-Apr-2022 20:59:03.706 資訊 [Thread-4] org.apache.coyote.AbstractProtocol.destroy Destroying ProtocolHandler ["http-nio-127.0.0.1-81"]
01-Apr-2022 21:26:35.542 警告 [main] org.apache.catalina.core.StandardContext.setPath A context path must either be an empty string or start with a '/' and do not end with a '/'. The path [/] does not meet these criteria and has been changed to []
01-Apr-2022 21:26:35.564 警告 [main] org.apache.tomcat.util.digester.SetPropertiesRule.begin [SetPropertiesRule]{Server/Service/Engine/Host/Context} Setting property 'debug' to '0' did not find a matching property.
01-Apr-2022 21:26:35.577 資訊 [main] org.apache.catalina.startup.VersionLoggerListener.log Server version name:   Apache Tomcat/8.5.76
01-Apr-2022 21:26:35.577 資訊 [main] org.apache.catalina.startup.VersionLoggerListener.log Server built:          Feb 23 2022 17:59:11 UTC
01-Apr-2022 21:26:35.577 資訊 [main] org.apache.catalina.startup.VersionLoggerListener.log Server version number: 8.5.76.0
01-Apr-2022 21:26:35.577 資訊 [main] org.apache.catalina.startup.VersionLoggerListener.log OS Name:               Windows 10
01-Apr-2022 21:26:35.577 資訊 [main] org.apache.catalina.startup.VersionLoggerListener.log OS Version:            10.0
01-Apr-2022 21:26:35.577 資訊 [main] org.apache.catalina.startup.VersionLoggerListener.log Architecture:          amd64
01-Apr-2022 21:26:35.577 資訊 [main] org.apache.catalina.startup.VersionLoggerListener.log Java Home:             C:\Program Files\Java\jre1.8.0_311
01-Apr-2022 21:26:35.577 資訊 [main] org.apache.catalina.startup.VersionLoggerListener.log JVM Version:           1.8.0_311-b11
01-Apr-2022 21:26:35.577 資訊 [main] org.apache.catalina.startup.VersionLoggerListener.log JVM Vendor:            Oracle Corporation
01-Apr-2022 21:26:35.577 資訊 [main] org.apache.catalina.startup.VersionLoggerListener.log CATALINA_BASE:         C:\Program Files\Apache Software Foundation\Tomcat 8.5
01-Apr-2022 21:26:35.577 資訊 [main] org.apache.catalina.startup.VersionLoggerListener.log CATALINA_HOME:         C:\Program Files\Apache Software Foundation\Tomcat 8.5
01-Apr-2022 21:26:35.578 資訊 [main] org.apache.catalina.startup.VersionLoggerListener.log Command line argument: -Dcatalina.home=C:\Program Files\Apache Software Foundation\Tomcat 8.5
01-Apr-2022 21:26:35.578 資訊 [main] org.apache.catalina.startup.VersionLoggerListener.log Command line argument: -Dcatalina.base=C:\Program Files\Apache Software Foundation\Tomcat 8.5
01-Apr-2022 21:26:35.578 資訊 [main] org.apache.catalina.startup.VersionLoggerListener.log Command line argument: -Djava.io.tmpdir=C:\Program Files\Apache Software Foundation\Tomcat 8.5\temp
01-Apr-2022 21:26:35.578 資訊 [main] org.apache.catalina.startup.VersionLoggerListener.log Command line argument: -Djava.util.logging.manager=org.apache.juli.ClassLoaderLogManager
01-Apr-2022 21:26:35.578 資訊 [main] org.apache.catalina.startup.VersionLoggerListener.log Command line argument: -Djava.util.logging.config.file=C:\Program Files\Apache Software Foundation\Tomcat 8.5\conf\logging.properties
01-Apr-2022 21:26:35.578 資訊 [main] org.apache.catalina.startup.VersionLoggerListener.log Command line argument: exit
01-Apr-2022 21:26:35.578 資訊 [main] org.apache.catalina.startup.VersionLoggerListener.log Command line argument: abort
01-Apr-2022 21:26:35.578 資訊 [main] org.apache.catalina.startup.VersionLoggerListener.log Command line argument: -Xms128m
01-Apr-2022 21:26:35.578 資訊 [main] org.apache.catalina.startup.VersionLoggerListener.log Command line argument: -Xmx256m
01-Apr-2022 21:26:35.578 資訊 [main] org.apache.catalina.core.AprLifecycleListener.lifecycleEvent The Apache Tomcat Native library which allows using OpenSSL was not found on the java.library.path: [C:\Program Files\Apache Software Foundation\Tomcat 8.5\bin;C:\Windows\Sun\Java\bin;C:\Windows\system32;C:\Windows;C:\Program Files\Java\jre1.8.0_311\bin;C:\Program Files (x86)\VMware\VMware Player\bin\;C:\Program Files\ibm\gsk8\lib64;C:\Program Files\ibm\gsk8\bin;C:\Program Files\Java\jdk-14\bin;C:\Program Files\Java\jdk-11.0.13\bin;C:\Program Files\Common Files\Oracle\Java\javapath;C:\Program Files\Java\jdk1.8.0_311\bin;C:\Program Files (x86)\Common Files\Oracle\Java\javapath;C:\Windows\system32;C:\Windows;C:\Windows\System32\Wbem;C:\Windows\System32\WindowsPowerShell\v1.0\;C:\Windows\System32\OpenSSH\;C:\Program Files (x86)\Microsoft SQL Server\110\Tools\Binn\;C:\Program Files\Microsoft SQL Server\110\Tools\Binn\;C:\Program Files\Microsoft SQL Server\110\DTS\Binn\;C:\Program Files (x86)\Microsoft SQL Server\150\DTS\Binn\;C:\Program Files\Azure Data Studio\bin;C:\Program Files\Microsoft VS Code\bin;C:\Program Files\nodejs\;C:\Program Files\Git\cmd;C:\Program Files\TortoiseGit\bin;C:\Users\LAN\AppData\Local\Programs\Python\Python310;C:\Users\LAN\AppData\Local\Programs\Python\Python310\Scripts;C:\Program Files (x86)\Microsoft SQL Server\100\Tools\Binn\;C:\Program Files (x86)\Microsoft SQL Server\100\DTS\Binn\;C:\Windows\ServiceProfiles\LocalService\AppData\Local\Microsoft\WindowsApps;.]
01-Apr-2022 21:26:36.282 資訊 [main] org.apache.coyote.AbstractProtocol.init Initializing ProtocolHandler ["http-nio-8080"]
01-Apr-2022 21:26:36.332 資訊 [main] org.apache.coyote.AbstractProtocol.init Initializing ProtocolHandler ["http-nio-127.0.0.1-81"]
01-Apr-2022 21:26:36.332 資訊 [main] org.apache.catalina.startup.Catalina.load Initialization processed in 1279 ms
01-Apr-2022 21:26:36.425 資訊 [main] org.apache.catalina.core.StandardService.startInternal Starting service [Catalina]
01-Apr-2022 21:26:36.425 資訊 [main] org.apache.catalina.core.StandardEngine.startInternal Starting Servlet engine: [Apache Tomcat/8.5.76]
01-Apr-2022 21:26:36.434 資訊 [localhost-startStop-1] org.apache.catalina.startup.HostConfig.deployDirectory Deploying web application directory [C:\Program Files\Apache Software Foundation\Tomcat 8.5\webapps\docs]
01-Apr-2022 21:26:36.734 資訊 [localhost-startStop-1] org.apache.catalina.startup.HostConfig.deployDirectory Deployment of web application directory [C:\Program Files\Apache Software Foundation\Tomcat 8.5\webapps\docs] has finished in [299] ms
01-Apr-2022 21:26:36.734 資訊 [localhost-startStop-1] org.apache.catalina.startup.HostConfig.deployDirectory Deploying web application directory [C:\Program Files\Apache Software Foundation\Tomcat 8.5\webapps\manager]
01-Apr-2022 21:26:36.779 資訊 [localhost-startStop-1] org.apache.catalina.startup.HostConfig.deployDirectory Deployment of web application directory [C:\Program Files\Apache Software Foundation\Tomcat 8.5\webapps\manager] has finished in [45] ms
01-Apr-2022 21:26:36.779 資訊 [localhost-startStop-1] org.apache.catalina.startup.HostConfig.deployDirectory Deploying web application directory [C:\Program Files\Apache Software Foundation\Tomcat 8.5\webapps\ROOT]
01-Apr-2022 21:26:36.805 資訊 [localhost-startStop-1] org.apache.catalina.startup.HostConfig.deployDirectory Deployment of web application directory [C:\Program Files\Apache Software Foundation\Tomcat 8.5\webapps\ROOT] has finished in [26] ms
01-Apr-2022 21:26:36.808 資訊 [main] org.apache.coyote.AbstractProtocol.start Starting ProtocolHandler ["http-nio-8080"]
01-Apr-2022 21:26:36.825 資訊 [main] org.apache.catalina.core.StandardService.startInternal Starting service [Portal]
01-Apr-2022 21:26:36.826 資訊 [main] org.apache.catalina.core.StandardEngine.startInternal Starting Servlet engine: [Apache Tomcat/8.5.76]
01-Apr-2022 21:26:42.415 資訊 [portal-startStop-1] org.apache.jasper.servlet.TldScanner.scanJars At least one JAR was scanned for TLDs yet contained no TLDs. Enable debug logging for this logger for a complete list of JARs that were scanned but no TLDs were found in them. Skipping unneeded JARs during scanning can improve startup time and JSP compilation time.
01-Apr-2022 21:26:42.426 資訊 [portal-startStop-1] org.apache.catalina.startup.HostConfig.deployDirectory Deploying web application directory [D:\CY_JSP\Portal\Base64]
01-Apr-2022 21:26:42.456 資訊 [portal-startStop-1] org.apache.catalina.startup.HostConfig.deployDirectory Deployment of web application directory [D:\CY_JSP\Portal\Base64] has finished in [30] ms
01-Apr-2022 21:26:42.456 資訊 [portal-startStop-1] org.apache.catalina.startup.HostConfig.deployDirectory Deploying web application directory [D:\CY_JSP\Portal\install]
01-Apr-2022 21:26:42.481 資訊 [portal-startStop-1] org.apache.catalina.startup.HostConfig.deployDirectory Deployment of web application directory [D:\CY_JSP\Portal\install] has finished in [25] ms
01-Apr-2022 21:26:42.481 資訊 [portal-startStop-1] org.apache.catalina.startup.HostConfig.deployDirectory Deploying web application directory [D:\CY_JSP\Portal\web]
01-Apr-2022 21:26:46.239 資訊 [portal-startStop-1] org.apache.jasper.servlet.TldScanner.scanJars At least one JAR was scanned for TLDs yet contained no TLDs. Enable debug logging for this logger for a complete list of JARs that were scanned but no TLDs were found in them. Skipping unneeded JARs during scanning can improve startup time and JSP compilation time.
01-Apr-2022 21:26:46.245 資訊 [portal-startStop-1] org.apache.catalina.startup.HostConfig.deployDirectory Deployment of web application directory [D:\CY_JSP\Portal\web] has finished in [3,764] ms
01-Apr-2022 21:26:46.247 資訊 [main] org.apache.coyote.AbstractProtocol.start Starting ProtocolHandler ["http-nio-127.0.0.1-81"]
01-Apr-2022 21:26:46.249 資訊 [main] org.apache.catalina.startup.Catalina.start Server startup in 9916 ms
01-Apr-2022 21:37:57.603 資訊 [localhost-startStop-2] org.apache.catalina.startup.HostConfig.deployDirectory Deploying web application directory [C:\Program Files\Apache Software Foundation\Tomcat 8.5\webapps\新增資料夾]
01-Apr-2022 21:37:57.628 資訊 [localhost-startStop-2] org.apache.catalina.startup.HostConfig.deployDirectory Deployment of web application directory [C:\Program Files\Apache Software Foundation\Tomcat 8.5\webapps\新增資料夾] has finished in [26] ms
01-Apr-2022 21:38:18.165 資訊 [ContainerBackgroundProcessor[StandardEngine[Catalina]]] org.apache.catalina.startup.HostConfig.undeploy Undeploying context [/新增資料夾]
01-Apr-2022 21:38:18.181 資訊 [localhost-startStop-3] org.apache.catalina.startup.HostConfig.deployDirectory Deploying web application directory [C:\Program Files\Apache Software Foundation\Tomcat 8.5\webapps\LAN_test]
01-Apr-2022 21:38:18.202 資訊 [localhost-startStop-3] org.apache.catalina.startup.HostConfig.deployDirectory Deployment of web application directory [C:\Program Files\Apache Software Foundation\Tomcat 8.5\webapps\LAN_test] has finished in [21] ms
01-Apr-2022 22:31:51.849 資訊 [localhost-startStop-4] org.apache.catalina.startup.HostConfig.deployDirectory Deploying web application directory [C:\Program Files\Apache Software Foundation\Tomcat 8.5\webapps\test]
01-Apr-2022 22:31:51.875 資訊 [localhost-startStop-4] org.apache.catalina.startup.HostConfig.deployDirectory Deployment of web application directory [C:\Program Files\Apache Software Foundation\Tomcat 8.5\webapps\test] has finished in [26] ms
