03-Mar-2022 00:19:12.846 資訊 [main] org.apache.catalina.startup.VersionLoggerListener.log Server version name:   Apache Tomcat/8.5.76
03-Mar-2022 00:19:12.868 資訊 [main] org.apache.catalina.startup.VersionLoggerListener.log Server built:          Feb 23 2022 17:59:11 UTC
03-Mar-2022 00:19:12.868 資訊 [main] org.apache.catalina.startup.VersionLoggerListener.log Server version number: 8.5.76.0
03-Mar-2022 00:19:12.869 資訊 [main] org.apache.catalina.startup.VersionLoggerListener.log OS Name:               Windows 10
03-Mar-2022 00:19:12.870 資訊 [main] org.apache.catalina.startup.VersionLoggerListener.log OS Version:            10.0
03-Mar-2022 00:19:12.870 資訊 [main] org.apache.catalina.startup.VersionLoggerListener.log Architecture:          amd64
03-Mar-2022 00:19:12.870 資訊 [main] org.apache.catalina.startup.VersionLoggerListener.log Java Home:             C:\Program Files\Java\jre1.8.0_311
03-Mar-2022 00:19:12.870 資訊 [main] org.apache.catalina.startup.VersionLoggerListener.log JVM Version:           1.8.0_311-b11
03-Mar-2022 00:19:12.870 資訊 [main] org.apache.catalina.startup.VersionLoggerListener.log JVM Vendor:            Oracle Corporation
03-Mar-2022 00:19:12.870 資訊 [main] org.apache.catalina.startup.VersionLoggerListener.log CATALINA_BASE:         C:\Program Files\Apache Software Foundation\Tomcat 8.5
03-Mar-2022 00:19:12.870 資訊 [main] org.apache.catalina.startup.VersionLoggerListener.log CATALINA_HOME:         C:\Program Files\Apache Software Foundation\Tomcat 8.5
03-Mar-2022 00:19:12.871 資訊 [main] org.apache.catalina.startup.VersionLoggerListener.log Command line argument: -Dcatalina.home=C:\Program Files\Apache Software Foundation\Tomcat 8.5
03-Mar-2022 00:19:12.871 資訊 [main] org.apache.catalina.startup.VersionLoggerListener.log Command line argument: -Dcatalina.base=C:\Program Files\Apache Software Foundation\Tomcat 8.5
03-Mar-2022 00:19:12.871 資訊 [main] org.apache.catalina.startup.VersionLoggerListener.log Command line argument: -Djava.io.tmpdir=C:\Program Files\Apache Software Foundation\Tomcat 8.5\temp
03-Mar-2022 00:19:12.871 資訊 [main] org.apache.catalina.startup.VersionLoggerListener.log Command line argument: -Djava.util.logging.manager=org.apache.juli.ClassLoaderLogManager
03-Mar-2022 00:19:12.871 資訊 [main] org.apache.catalina.startup.VersionLoggerListener.log Command line argument: -Djava.util.logging.config.file=C:\Program Files\Apache Software Foundation\Tomcat 8.5\conf\logging.properties
03-Mar-2022 00:19:12.871 資訊 [main] org.apache.catalina.startup.VersionLoggerListener.log Command line argument: exit
03-Mar-2022 00:19:12.871 資訊 [main] org.apache.catalina.startup.VersionLoggerListener.log Command line argument: abort
03-Mar-2022 00:19:12.871 資訊 [main] org.apache.catalina.startup.VersionLoggerListener.log Command line argument: -Xms128m
03-Mar-2022 00:19:12.872 資訊 [main] org.apache.catalina.startup.VersionLoggerListener.log Command line argument: -Xmx256m
03-Mar-2022 00:19:12.872 資訊 [main] org.apache.catalina.core.AprLifecycleListener.lifecycleEvent The Apache Tomcat Native library which allows using OpenSSL was not found on the java.library.path: [C:\Program Files\Apache Software Foundation\Tomcat 8.5\bin;C:\Windows\Sun\Java\bin;C:\Windows\system32;C:\Windows;C:\Program Files\Java\jre1.8.0_311\bin;C:\Program Files\ibm\gsk8\lib64;C:\Program Files\ibm\gsk8\bin;C:\Program Files\Java\jdk-14\bin;C:\Program Files\Java\jdk-11.0.13\bin;C:\Program Files\Common Files\Oracle\Java\javapath;C:\Program Files\Java\jdk1.8.0_311\bin;C:\Program Files (x86)\Common Files\Oracle\Java\javapath;C:\Windows\system32;C:\Windows;C:\Windows\System32\Wbem;C:\Windows\System32\WindowsPowerShell\v1.0\;C:\Windows\System32\OpenSSH\;C:\Program Files (x86)\Microsoft SQL Server\110\Tools\Binn\;C:\Program Files\Microsoft SQL Server\110\Tools\Binn\;C:\Program Files\Microsoft SQL Server\110\DTS\Binn\;C:\Program Files (x86)\Microsoft SQL Server\150\DTS\Binn\;C:\Program Files\Azure Data Studio\bin;C:\Program Files\Microsoft VS Code\bin;C:\Program Files\nodejs\;C:\Program Files\Git\cmd;C:\Program Files\TortoiseGit\bin;C:\Windows\ServiceProfiles\LocalService\AppData\Local\Microsoft\WindowsApps;.]
03-Mar-2022 00:19:13.577 資訊 [main] org.apache.coyote.AbstractProtocol.init Initializing ProtocolHandler ["http-nio-8080"]
03-Mar-2022 00:19:13.613 資訊 [main] org.apache.catalina.startup.Catalina.load Initialization processed in 1276 ms
03-Mar-2022 00:19:13.731 資訊 [main] org.apache.catalina.core.StandardService.startInternal Starting service [Catalina]
03-Mar-2022 00:19:13.731 資訊 [main] org.apache.catalina.core.StandardEngine.startInternal Starting Servlet engine: [Apache Tomcat/8.5.76]
03-Mar-2022 00:19:13.742 資訊 [localhost-startStop-1] org.apache.catalina.startup.HostConfig.deployDirectory Deploying web application directory [C:\Program Files\Apache Software Foundation\Tomcat 8.5\webapps\docs]
03-Mar-2022 00:19:14.086 資訊 [localhost-startStop-1] org.apache.catalina.startup.HostConfig.deployDirectory Deployment of web application directory [C:\Program Files\Apache Software Foundation\Tomcat 8.5\webapps\docs] has finished in [344] ms
03-Mar-2022 00:19:14.087 資訊 [localhost-startStop-1] org.apache.catalina.startup.HostConfig.deployDirectory Deploying web application directory [C:\Program Files\Apache Software Foundation\Tomcat 8.5\webapps\manager]
03-Mar-2022 00:19:14.140 資訊 [localhost-startStop-1] org.apache.catalina.startup.HostConfig.deployDirectory Deployment of web application directory [C:\Program Files\Apache Software Foundation\Tomcat 8.5\webapps\manager] has finished in [53] ms
03-Mar-2022 00:19:14.140 資訊 [localhost-startStop-1] org.apache.catalina.startup.HostConfig.deployDirectory Deploying web application directory [C:\Program Files\Apache Software Foundation\Tomcat 8.5\webapps\ROOT]
03-Mar-2022 00:19:14.171 資訊 [localhost-startStop-1] org.apache.catalina.startup.HostConfig.deployDirectory Deployment of web application directory [C:\Program Files\Apache Software Foundation\Tomcat 8.5\webapps\ROOT] has finished in [30] ms
03-Mar-2022 00:19:14.174 資訊 [main] org.apache.coyote.AbstractProtocol.start Starting ProtocolHandler ["http-nio-8080"]
03-Mar-2022 00:19:14.197 資訊 [main] org.apache.catalina.startup.Catalina.start Server startup in 583 ms
03-Mar-2022 00:19:33.030 資訊 [Thread-4] org.apache.coyote.AbstractProtocol.pause Pausing ProtocolHandler ["http-nio-8080"]
03-Mar-2022 00:19:33.110 資訊 [Thread-4] org.apache.catalina.core.StandardService.stopInternal Stopping service [Catalina]
03-Mar-2022 00:19:33.129 資訊 [Thread-4] org.apache.coyote.AbstractProtocol.stop Stopping ProtocolHandler ["http-nio-8080"]
03-Mar-2022 00:19:33.139 資訊 [Thread-4] org.apache.coyote.AbstractProtocol.destroy Destroying ProtocolHandler ["http-nio-8080"]
03-Mar-2022 00:20:49.031 警告 [main] org.apache.catalina.core.StandardContext.setPath A context path must either be an empty string or start with a '/' and do not end with a '/'. The path [/] does not meet these criteria and has been changed to []
03-Mar-2022 00:20:49.038 警告 [main] org.apache.tomcat.util.digester.SetPropertiesRule.begin [SetPropertiesRule]{Server/Service/Engine/Host/Context} Setting property 'debug' to '0' did not find a matching property.
03-Mar-2022 00:20:49.048 資訊 [main] org.apache.catalina.startup.VersionLoggerListener.log Server version name:   Apache Tomcat/8.5.76
03-Mar-2022 00:20:49.048 資訊 [main] org.apache.catalina.startup.VersionLoggerListener.log Server built:          Feb 23 2022 17:59:11 UTC
03-Mar-2022 00:20:49.048 資訊 [main] org.apache.catalina.startup.VersionLoggerListener.log Server version number: 8.5.76.0
03-Mar-2022 00:20:49.049 資訊 [main] org.apache.catalina.startup.VersionLoggerListener.log OS Name:               Windows 10
03-Mar-2022 00:20:49.049 資訊 [main] org.apache.catalina.startup.VersionLoggerListener.log OS Version:            10.0
03-Mar-2022 00:20:49.049 資訊 [main] org.apache.catalina.startup.VersionLoggerListener.log Architecture:          amd64
03-Mar-2022 00:20:49.049 資訊 [main] org.apache.catalina.startup.VersionLoggerListener.log Java Home:             C:\Program Files\Java\jre1.8.0_311
03-Mar-2022 00:20:49.049 資訊 [main] org.apache.catalina.startup.VersionLoggerListener.log JVM Version:           1.8.0_311-b11
03-Mar-2022 00:20:49.049 資訊 [main] org.apache.catalina.startup.VersionLoggerListener.log JVM Vendor:            Oracle Corporation
03-Mar-2022 00:20:49.049 資訊 [main] org.apache.catalina.startup.VersionLoggerListener.log CATALINA_BASE:         C:\Program Files\Apache Software Foundation\Tomcat 8.5
03-Mar-2022 00:20:49.049 資訊 [main] org.apache.catalina.startup.VersionLoggerListener.log CATALINA_HOME:         C:\Program Files\Apache Software Foundation\Tomcat 8.5
03-Mar-2022 00:20:49.050 資訊 [main] org.apache.catalina.startup.VersionLoggerListener.log Command line argument: -Dcatalina.home=C:\Program Files\Apache Software Foundation\Tomcat 8.5
03-Mar-2022 00:20:49.050 資訊 [main] org.apache.catalina.startup.VersionLoggerListener.log Command line argument: -Dcatalina.base=C:\Program Files\Apache Software Foundation\Tomcat 8.5
03-Mar-2022 00:20:49.050 資訊 [main] org.apache.catalina.startup.VersionLoggerListener.log Command line argument: -Djava.io.tmpdir=C:\Program Files\Apache Software Foundation\Tomcat 8.5\temp
03-Mar-2022 00:20:49.050 資訊 [main] org.apache.catalina.startup.VersionLoggerListener.log Command line argument: -Djava.util.logging.manager=org.apache.juli.ClassLoaderLogManager
03-Mar-2022 00:20:49.050 資訊 [main] org.apache.catalina.startup.VersionLoggerListener.log Command line argument: -Djava.util.logging.config.file=C:\Program Files\Apache Software Foundation\Tomcat 8.5\conf\logging.properties
03-Mar-2022 00:20:49.050 資訊 [main] org.apache.catalina.startup.VersionLoggerListener.log Command line argument: exit
03-Mar-2022 00:20:49.050 資訊 [main] org.apache.catalina.startup.VersionLoggerListener.log Command line argument: abort
03-Mar-2022 00:20:49.050 資訊 [main] org.apache.catalina.startup.VersionLoggerListener.log Command line argument: -Xms128m
03-Mar-2022 00:20:49.051 資訊 [main] org.apache.catalina.startup.VersionLoggerListener.log Command line argument: -Xmx256m
03-Mar-2022 00:20:49.051 資訊 [main] org.apache.catalina.core.AprLifecycleListener.lifecycleEvent The Apache Tomcat Native library which allows using OpenSSL was not found on the java.library.path: [C:\Program Files\Apache Software Foundation\Tomcat 8.5\bin;C:\Windows\Sun\Java\bin;C:\Windows\system32;C:\Windows;C:\Program Files\Java\jre1.8.0_311\bin;C:\Program Files\ibm\gsk8\lib64;C:\Program Files\ibm\gsk8\bin;C:\Program Files\Java\jdk-14\bin;C:\Program Files\Java\jdk-11.0.13\bin;C:\Program Files\Common Files\Oracle\Java\javapath;C:\Program Files\Java\jdk1.8.0_311\bin;C:\Program Files (x86)\Common Files\Oracle\Java\javapath;C:\Windows\system32;C:\Windows;C:\Windows\System32\Wbem;C:\Windows\System32\WindowsPowerShell\v1.0\;C:\Windows\System32\OpenSSH\;C:\Program Files (x86)\Microsoft SQL Server\110\Tools\Binn\;C:\Program Files\Microsoft SQL Server\110\Tools\Binn\;C:\Program Files\Microsoft SQL Server\110\DTS\Binn\;C:\Program Files (x86)\Microsoft SQL Server\150\DTS\Binn\;C:\Program Files\Azure Data Studio\bin;C:\Program Files\Microsoft VS Code\bin;C:\Program Files\nodejs\;C:\Program Files\Git\cmd;C:\Program Files\TortoiseGit\bin;C:\Windows\ServiceProfiles\LocalService\AppData\Local\Microsoft\WindowsApps;.]
03-Mar-2022 00:20:49.193 資訊 [main] org.apache.coyote.AbstractProtocol.init Initializing ProtocolHandler ["http-nio-8080"]
03-Mar-2022 00:20:49.233 資訊 [main] org.apache.coyote.AbstractProtocol.init Initializing ProtocolHandler ["http-nio-127.0.0.1-81"]
03-Mar-2022 00:20:49.233 資訊 [main] org.apache.catalina.startup.Catalina.load Initialization processed in 642 ms
03-Mar-2022 00:20:49.331 資訊 [main] org.apache.catalina.core.StandardService.startInternal Starting service [Catalina]
03-Mar-2022 00:20:49.331 資訊 [main] org.apache.catalina.core.StandardEngine.startInternal Starting Servlet engine: [Apache Tomcat/8.5.76]
03-Mar-2022 00:20:49.340 資訊 [localhost-startStop-1] org.apache.catalina.startup.HostConfig.deployDirectory Deploying web application directory [C:\Program Files\Apache Software Foundation\Tomcat 8.5\webapps\docs]
03-Mar-2022 00:20:49.661 資訊 [localhost-startStop-1] org.apache.catalina.startup.HostConfig.deployDirectory Deployment of web application directory [C:\Program Files\Apache Software Foundation\Tomcat 8.5\webapps\docs] has finished in [320] ms
03-Mar-2022 00:20:49.661 資訊 [localhost-startStop-1] org.apache.catalina.startup.HostConfig.deployDirectory Deploying web application directory [C:\Program Files\Apache Software Foundation\Tomcat 8.5\webapps\manager]
03-Mar-2022 00:20:49.712 資訊 [localhost-startStop-1] org.apache.catalina.startup.HostConfig.deployDirectory Deployment of web application directory [C:\Program Files\Apache Software Foundation\Tomcat 8.5\webapps\manager] has finished in [51] ms
03-Mar-2022 00:20:49.712 資訊 [localhost-startStop-1] org.apache.catalina.startup.HostConfig.deployDirectory Deploying web application directory [C:\Program Files\Apache Software Foundation\Tomcat 8.5\webapps\ROOT]
03-Mar-2022 00:20:49.741 資訊 [localhost-startStop-1] org.apache.catalina.startup.HostConfig.deployDirectory Deployment of web application directory [C:\Program Files\Apache Software Foundation\Tomcat 8.5\webapps\ROOT] has finished in [29] ms
03-Mar-2022 00:20:49.744 資訊 [main] org.apache.coyote.AbstractProtocol.start Starting ProtocolHandler ["http-nio-8080"]
03-Mar-2022 00:20:49.763 資訊 [main] org.apache.catalina.core.StandardService.startInternal Starting service [Portal]
03-Mar-2022 00:20:49.763 資訊 [main] org.apache.catalina.core.StandardEngine.startInternal Starting Servlet engine: [Apache Tomcat/8.5.76]
03-Mar-2022 00:20:55.521 資訊 [portal-startStop-1] org.apache.jasper.servlet.TldScanner.scanJars At least one JAR was scanned for TLDs yet contained no TLDs. Enable debug logging for this logger for a complete list of JARs that were scanned but no TLDs were found in them. Skipping unneeded JARs during scanning can improve startup time and JSP compilation time.
03-Mar-2022 00:20:55.532 資訊 [portal-startStop-1] org.apache.catalina.startup.HostConfig.deployDirectory Deploying web application directory [D:\CY_JSP\Portal\Base64]
03-Mar-2022 00:20:55.556 資訊 [portal-startStop-1] org.apache.catalina.startup.HostConfig.deployDirectory Deployment of web application directory [D:\CY_JSP\Portal\Base64] has finished in [23] ms
03-Mar-2022 00:20:55.556 資訊 [portal-startStop-1] org.apache.catalina.startup.HostConfig.deployDirectory Deploying web application directory [D:\CY_JSP\Portal\install]
03-Mar-2022 00:20:55.577 資訊 [portal-startStop-1] org.apache.catalina.startup.HostConfig.deployDirectory Deployment of web application directory [D:\CY_JSP\Portal\install] has finished in [21] ms
03-Mar-2022 00:20:55.577 資訊 [portal-startStop-1] org.apache.catalina.startup.HostConfig.deployDirectory Deploying web application directory [D:\CY_JSP\Portal\web]
03-Mar-2022 00:20:59.085 資訊 [portal-startStop-1] org.apache.jasper.servlet.TldScanner.scanJars At least one JAR was scanned for TLDs yet contained no TLDs. Enable debug logging for this logger for a complete list of JARs that were scanned but no TLDs were found in them. Skipping unneeded JARs during scanning can improve startup time and JSP compilation time.
03-Mar-2022 00:20:59.091 資訊 [portal-startStop-1] org.apache.catalina.startup.HostConfig.deployDirectory Deployment of web application directory [D:\CY_JSP\Portal\web] has finished in [3,514] ms
03-Mar-2022 00:20:59.094 資訊 [main] org.apache.coyote.AbstractProtocol.start Starting ProtocolHandler ["http-nio-127.0.0.1-81"]
03-Mar-2022 00:20:59.097 資訊 [main] org.apache.catalina.startup.Catalina.start Server startup in 9862 ms
03-Mar-2022 00:21:21.101 嚴重 [http-nio-127.0.0.1-81-exec-1] org.apache.catalina.core.StandardWrapperValve.invoke Servlet.service() for servlet [jsp] in context with path [] threw exception [An exception occurred processing [/Modules/JEIPKernel/Util_Data.jsp] at line [10]

7: %><%
8: Connection Conn=null;
9: leeten.DataBean Data=new leeten.DataBean(pageContext);
10: Conn=Data.makeConnection();%>


Stacktrace:] with root cause
	java.net.ConnectException: Connection timed out: connect
		at java.net.DualStackPlainSocketImpl.connect0(Native Method)
		at java.net.DualStackPlainSocketImpl.socketConnect(Unknown Source)
		at java.net.AbstractPlainSocketImpl.doConnect(Unknown Source)
		at java.net.AbstractPlainSocketImpl.connectToAddress(Unknown Source)
		at java.net.AbstractPlainSocketImpl.connect(Unknown Source)
		at java.net.PlainSocketImpl.connect(Unknown Source)
		at java.net.SocksSocketImpl.connect(Unknown Source)
		at java.net.Socket.connect(Unknown Source)
		at sun.reflect.NativeMethodAccessorImpl.invoke0(Native Method)
		at sun.reflect.NativeMethodAccessorImpl.invoke(Unknown Source)
		at sun.reflect.DelegatingMethodAccessorImpl.invoke(Unknown Source)
		at java.lang.reflect.Method.invoke(Unknown Source)
		at net.sourceforge.jtds.jdbc.SharedSocket.createSocketForJDBC3(SharedSocket.java:289)
		at net.sourceforge.jtds.jdbc.SharedSocket.<init>(SharedSocket.java:250)
		at net.sourceforge.jtds.jdbc.ConnectionJDBC2.<init>(ConnectionJDBC2.java:297)
		at net.sourceforge.jtds.jdbc.ConnectionJDBC3.<init>(ConnectionJDBC3.java:50)
		at net.sourceforge.jtds.jdbc.Driver.connect(Driver.java:178)
		at java.sql.DriverManager.getConnection(Unknown Source)
		at java.sql.DriverManager.getConnection(Unknown Source)
		at leeten.DataBean.makeConnection(Unknown Source)
		at org.apache.jsp.index_jsp._jspService(index_jsp.java:374)
		at org.apache.jasper.runtime.HttpJspBase.service(HttpJspBase.java:70)
		at javax.servlet.http.HttpServlet.service(HttpServlet.java:764)
		at org.apache.jasper.servlet.JspServletWrapper.service(JspServletWrapper.java:465)
		at org.apache.jasper.servlet.JspServlet.serviceJspFile(JspServlet.java:383)
		at org.apache.jasper.servlet.JspServlet.service(JspServlet.java:331)
		at javax.servlet.http.HttpServlet.service(HttpServlet.java:764)
		at org.apache.catalina.core.ApplicationFilterChain.internalDoFilter(ApplicationFilterChain.java:231)
		at org.apache.catalina.core.ApplicationFilterChain.doFilter(ApplicationFilterChain.java:166)
		at org.apache.tomcat.websocket.server.WsFilter.doFilter(WsFilter.java:52)
		at org.apache.catalina.core.ApplicationFilterChain.internalDoFilter(ApplicationFilterChain.java:193)
		at org.apache.catalina.core.ApplicationFilterChain.doFilter(ApplicationFilterChain.java:166)
		at org.apache.catalina.core.StandardWrapperValve.invoke(StandardWrapperValve.java:197)
		at org.apache.catalina.core.StandardContextValve.invoke(StandardContextValve.java:97)
		at org.apache.catalina.authenticator.AuthenticatorBase.invoke(AuthenticatorBase.java:543)
		at org.apache.catalina.core.StandardHostValve.invoke(StandardHostValve.java:135)
		at org.apache.catalina.valves.ErrorReportValve.invoke(ErrorReportValve.java:81)
		at org.apache.catalina.core.StandardEngineValve.invoke(StandardEngineValve.java:78)
		at org.apache.catalina.connector.CoyoteAdapter.service(CoyoteAdapter.java:366)
		at org.apache.coyote.http11.Http11Processor.service(Http11Processor.java:639)
		at org.apache.coyote.AbstractProcessorLight.process(AbstractProcessorLight.java:65)
		at org.apache.coyote.AbstractProtocol$ConnectionHandler.process(AbstractProtocol.java:881)
		at org.apache.tomcat.util.net.NioEndpoint$SocketProcessor.doRun(NioEndpoint.java:1647)
		at org.apache.tomcat.util.net.SocketProcessorBase.run(SocketProcessorBase.java:49)
		at org.apache.tomcat.util.threads.ThreadPoolExecutor.runWorker(ThreadPoolExecutor.java:1191)
		at org.apache.tomcat.util.threads.ThreadPoolExecutor$Worker.run(ThreadPoolExecutor.java:659)
		at org.apache.tomcat.util.threads.TaskThread$WrappingRunnable.run(TaskThread.java:61)
		at java.lang.Thread.run(Unknown Source)
03-Mar-2022 00:22:19.396 資訊 [Thread-4] org.apache.coyote.AbstractProtocol.pause Pausing ProtocolHandler ["http-nio-8080"]
03-Mar-2022 00:22:19.471 資訊 [Thread-4] org.apache.catalina.core.StandardService.stopInternal Stopping service [Catalina]
03-Mar-2022 00:22:19.491 資訊 [Thread-4] org.apache.coyote.AbstractProtocol.stop Stopping ProtocolHandler ["http-nio-8080"]
03-Mar-2022 00:22:19.504 資訊 [Thread-4] org.apache.coyote.AbstractProtocol.pause Pausing ProtocolHandler ["http-nio-127.0.0.1-81"]
03-Mar-2022 00:22:19.505 資訊 [Thread-4] org.apache.catalina.core.StandardService.stopInternal Stopping service [Portal]
03-Mar-2022 00:22:19.516 警告 [portal-startStop-2] org.apache.catalina.loader.WebappClassLoaderBase.clearReferencesJdbc The web application [ROOT] registered the JDBC driver [net.sourceforge.jtds.jdbc.Driver] but failed to unregister it when the web application was stopped. To prevent a memory leak, the JDBC Driver has been forcibly unregistered.
03-Mar-2022 00:22:19.531 資訊 [Thread-4] org.apache.coyote.AbstractProtocol.stop Stopping ProtocolHandler ["http-nio-127.0.0.1-81"]
03-Mar-2022 00:22:19.539 資訊 [Thread-4] org.apache.coyote.AbstractProtocol.destroy Destroying ProtocolHandler ["http-nio-8080"]
03-Mar-2022 00:22:19.540 資訊 [Thread-4] org.apache.coyote.AbstractProtocol.destroy Destroying ProtocolHandler ["http-nio-127.0.0.1-81"]
