[2022-04-04 15:13:10] [info]  [11040] Apache Commons Daemon procrun (1.2.4.0 64-bit) started.
[2022-04-04 15:13:10] [info]  [11040] Running Service 'Tomcat8'...
[2022-04-04 15:13:10] [info]  [ 2224] Starting service...
[2022-04-04 15:13:12] [info]  [ 2224] Service started in 1360 milliseconds.
[2022-04-04 17:02:52] [info]  [ 9836] Stopping service...
[2022-04-04 17:02:53] [info]  [ 9836] Service stop thread completed.
[2022-04-04 17:02:53] [info]  [11040] Run service finished.
[2022-04-04 17:02:53] [info]  [11040] Apache Commons Daemon procrun finished.
[2022-04-04 17:03:03] [info]  [ 4612] Apache Commons Daemon procrun (1.2.4.0 64-bit) started.
[2022-04-04 17:03:03] [info]  [ 4612] Running Service 'Tomcat8'...
[2022-04-04 17:03:03] [info]  [12748] Starting service...
[2022-04-04 17:03:04] [info]  [12748] Service started in 1219 milliseconds.
[2022-04-04 17:05:06] [info]  [ 1960] Stopping service...
[2022-04-04 17:05:07] [info]  [ 1960] Service stop thread completed.
[2022-04-04 17:05:07] [info]  [ 4612] Run service finished.
[2022-04-04 17:05:07] [info]  [ 4612] Apache Commons Daemon procrun finished.
[2022-04-04 17:05:23] [info]  [12324] Apache Commons Daemon procrun (1.2.4.0 64-bit) started.
[2022-04-04 17:05:23] [info]  [12324] Running Service 'Tomcat8'...
[2022-04-04 17:05:23] [info]  [ 8100] Starting service...
[2022-04-04 17:05:24] [info]  [ 8100] Service started in 1160 milliseconds.
[2022-04-04 17:12:52] [info]  [ 1492] Stopping service...
[2022-04-04 17:12:53] [info]  [ 1492] Service stop thread completed.
[2022-04-04 17:12:53] [info]  [12324] Run service finished.
[2022-04-04 17:12:53] [info]  [12324] Apache Commons Daemon procrun finished.
[2022-04-04 17:13:03] [info]  [  600] Apache Commons Daemon procrun (1.2.4.0 64-bit) started.
[2022-04-04 17:13:03] [info]  [  600] Running Service 'Tomcat8'...
[2022-04-04 17:13:03] [info]  [ 9816] Starting service...
[2022-04-04 17:13:04] [info]  [ 9816] Service started in 1159 milliseconds.
[2022-04-04 17:39:18] [info]  [13368] Stopping service...
[2022-04-04 17:39:19] [info]  [13368] Service stop thread completed.
[2022-04-04 17:39:19] [info]  [  600] Run service finished.
[2022-04-04 17:39:19] [info]  [  600] Apache Commons Daemon procrun finished.
[2022-04-04 17:39:28] [info]  [10816] Apache Commons Daemon procrun (1.2.4.0 64-bit) started.
[2022-04-04 17:39:28] [info]  [10816] Running Service 'Tomcat8'...
[2022-04-04 17:39:28] [info]  [ 8356] Starting service...
[2022-04-04 17:39:29] [info]  [ 8356] Service started in 1158 milliseconds.
[2022-04-04 20:36:19] [info]  [ 2352] Stopping service...
[2022-04-04 20:36:20] [info]  [ 2352] Service stop thread completed.
[2022-04-04 20:36:20] [info]  [10816] Run service finished.
[2022-04-04 20:36:20] [info]  [10816] Apache Commons Daemon procrun finished.
[2022-04-04 20:36:34] [info]  [ 9368] Apache Commons Daemon procrun (1.2.4.0 64-bit) started.
[2022-04-04 20:36:34] [info]  [ 9368] Running Service 'Tomcat8'...
[2022-04-04 20:36:34] [info]  [ 1928] Starting service...
[2022-04-04 20:36:36] [info]  [ 1928] Service started in 1156 milliseconds.
[2022-04-04 21:15:41] [info]  [11636] Stopping service...
[2022-04-04 21:15:42] [info]  [11636] Service stop thread completed.
[2022-04-04 21:15:42] [info]  [ 9368] Run service finished.
[2022-04-04 21:15:42] [info]  [ 9368] Apache Commons Daemon procrun finished.
[2022-04-04 21:33:22] [info]  [ 6580] Apache Commons Daemon procrun (1.2.4.0 64-bit) started.
[2022-04-04 21:33:22] [info]  [ 6580] Running Service 'Tomcat8'...
[2022-04-04 21:33:22] [info]  [13668] Starting service...
[2022-04-04 21:33:23] [info]  [13668] Service started in 1153 milliseconds.
