
2022-04-03 13:20:10 Apache Commons Daemon procrun stderr initialized.
03-Apr-2022 13:20:12.311 警告 [main] org.apache.catalina.core.StandardContext.setPath A context path must either be an empty string or start with a '/' and do not end with a '/'. The path [/] does not meet these criteria and has been changed to []
03-Apr-2022 13:20:12.334 警告 [main] org.apache.tomcat.util.digester.SetPropertiesRule.begin [SetPropertiesRule]{Server/Service/Engine/Host/Context} Setting property 'debug' to '0' did not find a matching property.
03-Apr-2022 13:20:12.346 資訊 [main] org.apache.catalina.startup.VersionLoggerListener.log Server version name:   Apache Tomcat/8.5.76
03-Apr-2022 13:20:12.347 資訊 [main] org.apache.catalina.startup.VersionLoggerListener.log Server built:          Feb 23 2022 17:59:11 UTC
03-Apr-2022 13:20:12.347 資訊 [main] org.apache.catalina.startup.VersionLoggerListener.log Server version number: 8.5.76.0
03-Apr-2022 13:20:12.347 資訊 [main] org.apache.catalina.startup.VersionLoggerListener.log OS Name:               Windows 10
03-Apr-2022 13:20:12.347 資訊 [main] org.apache.catalina.startup.VersionLoggerListener.log OS Version:            10.0
03-Apr-2022 13:20:12.347 資訊 [main] org.apache.catalina.startup.VersionLoggerListener.log Architecture:          amd64
03-Apr-2022 13:20:12.347 資訊 [main] org.apache.catalina.startup.VersionLoggerListener.log Java Home:             C:\Program Files\Java\jre1.8.0_311
03-Apr-2022 13:20:12.347 資訊 [main] org.apache.catalina.startup.VersionLoggerListener.log JVM Version:           1.8.0_311-b11
03-Apr-2022 13:20:12.347 資訊 [main] org.apache.catalina.startup.VersionLoggerListener.log JVM Vendor:            Oracle Corporation
03-Apr-2022 13:20:12.347 資訊 [main] org.apache.catalina.startup.VersionLoggerListener.log CATALINA_BASE:         C:\Program Files\Apache Software Foundation\Tomcat 8.5
03-Apr-2022 13:20:12.347 資訊 [main] org.apache.catalina.startup.VersionLoggerListener.log CATALINA_HOME:         C:\Program Files\Apache Software Foundation\Tomcat 8.5
03-Apr-2022 13:20:12.348 資訊 [main] org.apache.catalina.startup.VersionLoggerListener.log Command line argument: -Dcatalina.home=C:\Program Files\Apache Software Foundation\Tomcat 8.5
03-Apr-2022 13:20:12.348 資訊 [main] org.apache.catalina.startup.VersionLoggerListener.log Command line argument: -Dcatalina.base=C:\Program Files\Apache Software Foundation\Tomcat 8.5
03-Apr-2022 13:20:12.348 資訊 [main] org.apache.catalina.startup.VersionLoggerListener.log Command line argument: -Djava.io.tmpdir=C:\Program Files\Apache Software Foundation\Tomcat 8.5\temp
03-Apr-2022 13:20:12.348 資訊 [main] org.apache.catalina.startup.VersionLoggerListener.log Command line argument: -Djava.util.logging.manager=org.apache.juli.ClassLoaderLogManager
03-Apr-2022 13:20:12.348 資訊 [main] org.apache.catalina.startup.VersionLoggerListener.log Command line argument: -Djava.util.logging.config.file=C:\Program Files\Apache Software Foundation\Tomcat 8.5\conf\logging.properties
03-Apr-2022 13:20:12.348 資訊 [main] org.apache.catalina.startup.VersionLoggerListener.log Command line argument: exit
03-Apr-2022 13:20:12.349 資訊 [main] org.apache.catalina.startup.VersionLoggerListener.log Command line argument: abort
03-Apr-2022 13:20:12.349 資訊 [main] org.apache.catalina.startup.VersionLoggerListener.log Command line argument: -Xms128m
03-Apr-2022 13:20:12.349 資訊 [main] org.apache.catalina.startup.VersionLoggerListener.log Command line argument: -Xmx256m
03-Apr-2022 13:20:12.349 資訊 [main] org.apache.catalina.core.AprLifecycleListener.lifecycleEvent The Apache Tomcat Native library which allows using OpenSSL was not found on the java.library.path: [C:\Program Files\Apache Software Foundation\Tomcat 8.5\bin;C:\Windows\Sun\Java\bin;C:\Windows\system32;C:\Windows;C:\Program Files\Java\jre1.8.0_311\bin;C:\Program Files (x86)\VMware\VMware Player\bin\;C:\Program Files\ibm\gsk8\lib64;C:\Program Files\ibm\gsk8\bin;C:\Program Files\Java\jdk-14\bin;C:\Program Files\Java\jdk-11.0.13\bin;C:\Program Files\Common Files\Oracle\Java\javapath;C:\Program Files\Java\jdk1.8.0_311\bin;C:\Program Files (x86)\Common Files\Oracle\Java\javapath;C:\Windows\system32;C:\Windows;C:\Windows\System32\Wbem;C:\Windows\System32\WindowsPowerShell\v1.0\;C:\Windows\System32\OpenSSH\;C:\Program Files (x86)\Microsoft SQL Server\110\Tools\Binn\;C:\Program Files\Microsoft SQL Server\110\Tools\Binn\;C:\Program Files\Microsoft SQL Server\110\DTS\Binn\;C:\Program Files (x86)\Microsoft SQL Server\150\DTS\Binn\;C:\Program Files\Azure Data Studio\bin;C:\Program Files\Microsoft VS Code\bin;C:\Program Files\nodejs\;C:\Program Files\Git\cmd;C:\Program Files\TortoiseGit\bin;C:\Users\LAN\AppData\Local\Programs\Python\Python310;C:\Users\LAN\AppData\Local\Programs\Python\Python310\Scripts;C:\Program Files (x86)\Microsoft SQL Server\100\Tools\Binn\;C:\Program Files (x86)\Microsoft SQL Server\100\DTS\Binn\;C:\Windows\ServiceProfiles\LocalService\AppData\Local\Microsoft\WindowsApps;.]
03-Apr-2022 13:20:13.057 資訊 [main] org.apache.coyote.AbstractProtocol.init Initializing ProtocolHandler ["http-nio-8080"]
03-Apr-2022 13:20:13.106 資訊 [main] org.apache.coyote.AbstractProtocol.init Initializing ProtocolHandler ["http-nio-127.0.0.1-81"]
03-Apr-2022 13:20:13.107 資訊 [main] org.apache.catalina.startup.Catalina.load Initialization processed in 1459 ms
03-Apr-2022 13:20:13.222 資訊 [main] org.apache.catalina.core.StandardService.startInternal Starting service [Catalina]
03-Apr-2022 13:20:13.223 資訊 [main] org.apache.catalina.core.StandardEngine.startInternal Starting Servlet engine: [Apache Tomcat/8.5.76]
03-Apr-2022 13:20:13.233 資訊 [localhost-startStop-1] org.apache.catalina.startup.HostConfig.deployDirectory Deploying web application directory [C:\Program Files\Apache Software Foundation\Tomcat 8.5\webapps\docs]
03-Apr-2022 13:20:13.740 警告 [localhost-startStop-1] org.apache.catalina.util.SessionIdGeneratorBase.createSecureRandom Creation of SecureRandom instance for session ID generation using [SHA1PRNG] took [148] milliseconds.
03-Apr-2022 13:20:13.789 資訊 [localhost-startStop-1] org.apache.catalina.startup.HostConfig.deployDirectory Deployment of web application directory [C:\Program Files\Apache Software Foundation\Tomcat 8.5\webapps\docs] has finished in [556] ms
03-Apr-2022 13:20:13.789 資訊 [localhost-startStop-1] org.apache.catalina.startup.HostConfig.deployDirectory Deploying web application directory [C:\Program Files\Apache Software Foundation\Tomcat 8.5\webapps\LAN_test]
03-Apr-2022 13:20:13.875 資訊 [localhost-startStop-1] org.apache.catalina.startup.HostConfig.deployDirectory Deployment of web application directory [C:\Program Files\Apache Software Foundation\Tomcat 8.5\webapps\LAN_test] has finished in [86] ms
03-Apr-2022 13:20:13.876 資訊 [localhost-startStop-1] org.apache.catalina.startup.HostConfig.deployDirectory Deploying web application directory [C:\Program Files\Apache Software Foundation\Tomcat 8.5\webapps\manager]
03-Apr-2022 13:20:13.940 資訊 [localhost-startStop-1] org.apache.catalina.startup.HostConfig.deployDirectory Deployment of web application directory [C:\Program Files\Apache Software Foundation\Tomcat 8.5\webapps\manager] has finished in [64] ms
03-Apr-2022 13:20:13.940 資訊 [localhost-startStop-1] org.apache.catalina.startup.HostConfig.deployDirectory Deploying web application directory [C:\Program Files\Apache Software Foundation\Tomcat 8.5\webapps\ROOT]
03-Apr-2022 13:20:13.976 資訊 [localhost-startStop-1] org.apache.catalina.startup.HostConfig.deployDirectory Deployment of web application directory [C:\Program Files\Apache Software Foundation\Tomcat 8.5\webapps\ROOT] has finished in [36] ms
03-Apr-2022 13:20:13.976 資訊 [localhost-startStop-1] org.apache.catalina.startup.HostConfig.deployDirectory Deploying web application directory [C:\Program Files\Apache Software Foundation\Tomcat 8.5\webapps\test]
03-Apr-2022 13:20:14.002 資訊 [localhost-startStop-1] org.apache.catalina.startup.HostConfig.deployDirectory Deployment of web application directory [C:\Program Files\Apache Software Foundation\Tomcat 8.5\webapps\test] has finished in [26] ms
03-Apr-2022 13:20:14.004 資訊 [main] org.apache.coyote.AbstractProtocol.start Starting ProtocolHandler ["http-nio-8080"]
03-Apr-2022 13:20:14.035 資訊 [main] org.apache.catalina.core.StandardService.startInternal Starting service [Portal]
03-Apr-2022 13:20:14.035 資訊 [main] org.apache.catalina.core.StandardEngine.startInternal Starting Servlet engine: [Apache Tomcat/8.5.76]
03-Apr-2022 13:20:23.098 資訊 [portal-startStop-1] org.apache.jasper.servlet.TldScanner.scanJars At least one JAR was scanned for TLDs yet contained no TLDs. Enable debug logging for this logger for a complete list of JARs that were scanned but no TLDs were found in them. Skipping unneeded JARs during scanning can improve startup time and JSP compilation time.
03-Apr-2022 13:20:23.108 資訊 [portal-startStop-1] org.apache.catalina.startup.HostConfig.deployDirectory Deploying web application directory [D:\CY_JSP\Portal\Base64]
03-Apr-2022 13:20:23.146 資訊 [portal-startStop-1] org.apache.catalina.startup.HostConfig.deployDirectory Deployment of web application directory [D:\CY_JSP\Portal\Base64] has finished in [37] ms
03-Apr-2022 13:20:23.146 資訊 [portal-startStop-1] org.apache.catalina.startup.HostConfig.deployDirectory Deploying web application directory [D:\CY_JSP\Portal\install]
03-Apr-2022 13:20:23.164 資訊 [portal-startStop-1] org.apache.catalina.startup.HostConfig.deployDirectory Deployment of web application directory [D:\CY_JSP\Portal\install] has finished in [18] ms
03-Apr-2022 13:20:23.164 資訊 [portal-startStop-1] org.apache.catalina.startup.HostConfig.deployDirectory Deploying web application directory [D:\CY_JSP\Portal\web]
03-Apr-2022 13:20:26.718 資訊 [portal-startStop-1] org.apache.jasper.servlet.TldScanner.scanJars At least one JAR was scanned for TLDs yet contained no TLDs. Enable debug logging for this logger for a complete list of JARs that were scanned but no TLDs were found in them. Skipping unneeded JARs during scanning can improve startup time and JSP compilation time.
03-Apr-2022 13:20:26.724 資訊 [portal-startStop-1] org.apache.catalina.startup.HostConfig.deployDirectory Deployment of web application directory [D:\CY_JSP\Portal\web] has finished in [3,560] ms
03-Apr-2022 13:20:26.729 資訊 [main] org.apache.coyote.AbstractProtocol.start Starting ProtocolHandler ["http-nio-127.0.0.1-81"]
03-Apr-2022 13:20:26.731 資訊 [main] org.apache.catalina.startup.Catalina.start Server startup in 13623 ms
